<?xml version="1.0" encoding="UTF-8"?>
<testng-results ignored="0" total="3" passed="3" failed="0" skipped="0">
  <reporter-output>
  </reporter-output>
  <suite started-at="2022-08-14T16:53:07 IST" name="Suite" finished-at="2022-08-14T16:54:04 IST" duration-ms="56409">
    <groups>
    </groups>
    <test started-at="2022-08-14T16:53:07 IST" name="ChromeTest" finished-at="2022-08-14T16:53:28 IST" duration-ms="20166">
      <class name="com.ww.tests.BusinessHoursOfWWStudioTest">
        <test-method is-config="true" signature="setup(java.lang.String)[pri:0, instance:com.ww.tests.BusinessHoursOfWWStudioTest@73e9cf30]" started-at="2022-08-14T16:53:07 IST" name="setup" finished-at="2022-08-14T16:53:19 IST" duration-ms="11735" status="PASS">
          <params>
            <param index="0">
              <value>
                <![CDATA[Chrome]]>
              </value>
            </param>
          </params>
          <reporter-output>
          </reporter-output>
        </test-method> <!-- setup -->
        <test-method signature="wWStudioBusinessHours()[pri:0, instance:com.ww.tests.BusinessHoursOfWWStudioTest@73e9cf30]" started-at="2022-08-14T16:53:19 IST" name="wWStudioBusinessHours" finished-at="2022-08-14T16:53:27 IST" duration-ms="8074" status="PASS">
          <reporter-output>
          </reporter-output>
        </test-method> <!-- wWStudioBusinessHours -->
        <test-method is-config="true" signature="tearDown()[pri:0, instance:com.ww.tests.BusinessHoursOfWWStudioTest@73e9cf30]" started-at="2022-08-14T16:53:27 IST" name="tearDown" finished-at="2022-08-14T16:53:28 IST" duration-ms="279" status="PASS">
          <reporter-output>
          </reporter-output>
        </test-method> <!-- tearDown -->
      </class> <!-- com.ww.tests.BusinessHoursOfWWStudioTest -->
    </test> <!-- ChromeTest -->
    <test started-at="2022-08-14T16:53:28 IST" name="FirefoxTest" finished-at="2022-08-14T16:53:49 IST" duration-ms="20981">
      <class name="com.ww.tests.BusinessHoursOfWWStudioTest">
        <test-method is-config="true" signature="setup(java.lang.String)[pri:0, instance:com.ww.tests.BusinessHoursOfWWStudioTest@74e28667]" started-at="2022-08-14T16:53:28 IST" name="setup" finished-at="2022-08-14T16:53:39 IST" duration-ms="11833" status="PASS">
          <params>
            <param index="0">
              <value>
                <![CDATA[Firefox]]>
              </value>
            </param>
          </params>
          <reporter-output>
          </reporter-output>
        </test-method> <!-- setup -->
        <test-method signature="wWStudioBusinessHours()[pri:0, instance:com.ww.tests.BusinessHoursOfWWStudioTest@74e28667]" started-at="2022-08-14T16:53:39 IST" name="wWStudioBusinessHours" finished-at="2022-08-14T16:53:47 IST" duration-ms="7772" status="PASS">
          <reporter-output>
          </reporter-output>
        </test-method> <!-- wWStudioBusinessHours -->
        <test-method is-config="true" signature="tearDown()[pri:0, instance:com.ww.tests.BusinessHoursOfWWStudioTest@74e28667]" started-at="2022-08-14T16:53:47 IST" name="tearDown" finished-at="2022-08-14T16:53:49 IST" duration-ms="1370" status="PASS">
          <reporter-output>
          </reporter-output>
        </test-method> <!-- tearDown -->
      </class> <!-- com.ww.tests.BusinessHoursOfWWStudioTest -->
    </test> <!-- FirefoxTest -->
    <test started-at="2022-08-14T16:53:49 IST" name="EdgeTest" finished-at="2022-08-14T16:54:04 IST" duration-ms="15238">
      <class name="com.ww.tests.BusinessHoursOfWWStudioTest">
        <test-method is-config="true" signature="setup(java.lang.String)[pri:0, instance:com.ww.tests.BusinessHoursOfWWStudioTest@53045c6c]" started-at="2022-08-14T16:53:49 IST" name="setup" finished-at="2022-08-14T16:53:58 IST" duration-ms="9374" status="PASS">
          <params>
            <param index="0">
              <value>
                <![CDATA[Edge]]>
              </value>
            </param>
          </params>
          <reporter-output>
          </reporter-output>
        </test-method> <!-- setup -->
        <test-method signature="wWStudioBusinessHours()[pri:0, instance:com.ww.tests.BusinessHoursOfWWStudioTest@53045c6c]" started-at="2022-08-14T16:53:58 IST" name="wWStudioBusinessHours" finished-at="2022-08-14T16:54:03 IST" duration-ms="5530" status="PASS">
          <reporter-output>
          </reporter-output>
        </test-method> <!-- wWStudioBusinessHours -->
        <test-method is-config="true" signature="tearDown()[pri:0, instance:com.ww.tests.BusinessHoursOfWWStudioTest@53045c6c]" started-at="2022-08-14T16:54:03 IST" name="tearDown" finished-at="2022-08-14T16:54:04 IST" duration-ms="327" status="PASS">
          <reporter-output>
          </reporter-output>
        </test-method> <!-- tearDown -->
      </class> <!-- com.ww.tests.BusinessHoursOfWWStudioTest -->
    </test> <!-- EdgeTest -->
  </suite> <!-- Suite -->
</testng-results>
